<?xml version="1.0" encoding="UTF-8"?>
<!-- Generated by org.testng.reporters.JUnitXMLReporter -->
<testsuite hostname="FA054488" ignored="0" name="Default test" tests="8" failures="0" timestamp="2021-08-03T17:24:51 IST" time="3.156" errors="0">
  <testcase name="successfullyCreateUser" time="2.392" classname="RingCentral.QATest.QATest"/>
  <testcase name="validateErrorOnCreatingUser_DOBGreaterThanCurrentDate" time="0.047" classname="RingCentral.QATest.QATest"/>
  <testcase name="validateErrorOnCreatingUser_InvalidEmail" time="0.037" classname="RingCentral.QATest.QATest"/>
  <testcase name="getAllUsers" time="0.533" classname="RingCentral.QATest.QATest"/>
  <testcase name="getSpecificUsers" time="0.031" classname="RingCentral.QATest.QATest"/>
  <testcase name="deleteUser" time="0.007" classname="RingCentral.QATest.QATest"/>
  <testcase name="deleteUser_AlreadyDeleted" time="0.016" classname="RingCentral.QATest.QATest"/>
  <testcase name="getDeletedUsers" time="0.015" classname="RingCentral.QATest.QATest"/>
</testsuite> <!-- Default test -->
