<?xml version="1.0" encoding="UTF-8"?>
<!-- Generated by org.testng.reporters.JUnitXMLReporter -->
<testsuite hostname="FA054488" ignored="0" name="Test" tests="8" failures="0" timestamp="2021-08-03T17:30:04 IST" time="4.357" errors="0">
  <testcase name="successfullyCreateUser" time="3.42" classname="RingCentral.QATest.ApiTests"/>
  <testcase name="validateErrorOnCreatingUser_DOBGreaterThanCurrentDate" time="0.111" classname="RingCentral.QATest.ApiTests"/>
  <testcase name="validateErrorOnCreatingUser_InvalidEmail" time="0.047" classname="RingCentral.QATest.ApiTests"/>
  <testcase name="getAllUsers" time="0.58" classname="RingCentral.QATest.ApiTests"/>
  <testcase name="getSpecificUsers" time="0.052" classname="RingCentral.QATest.ApiTests"/>
  <testcase name="deleteUser" time="0.047" classname="RingCentral.QATest.ApiTests"/>
  <testcase name="deleteUser_AlreadyDeleted" time="0.021" classname="RingCentral.QATest.ApiTests"/>
  <testcase name="getDeletedUsers" time="0.021" classname="RingCentral.QATest.ApiTests"/>
</testsuite> <!-- Test -->
